<?xml version="1.0" encoding="UTF-8"?>
<testng-results skipped="0" failed="0" total="6" passed="6">
  <reporter-output>
  </reporter-output>
  <suite name="Default suite" duration-ms="29270" started-at="2015-04-27T18:36:39Z" finished-at="2015-04-27T18:37:08Z">
    <groups>
    </groups>
    <test name="Default test" duration-ms="29270" started-at="2015-04-27T18:36:39Z" finished-at="2015-04-27T18:37:08Z">
      <class name="com.example.tests.GroupModificationTests">
        <test-method status="PASS" signature="setUp()[pri:0, instance:com.example.tests.GroupModificationTests@12bc6874]" name="setUp" is-config="true" duration-ms="4741" started-at="2015-04-27T21:36:39Z" finished-at="2015-04-27T21:36:44Z">
          <reporter-output>
          </reporter-output>
        </test-method> <!-- setUp -->
        <test-method status="PASS" signature="modifySomeGroup()[pri:0, instance:com.example.tests.GroupModificationTests@12bc6874]" name="modifySomeGroup" duration-ms="4221" started-at="2015-04-27T21:36:44Z" finished-at="2015-04-27T21:36:48Z">
          <reporter-output>
          </reporter-output>
        </test-method> <!-- modifySomeGroup -->
        <test-method status="PASS" signature="tearDown()[pri:0, instance:com.example.tests.GroupModificationTests@12bc6874]" name="tearDown" is-config="true" duration-ms="352" started-at="2015-04-27T21:37:08Z" finished-at="2015-04-27T21:37:08Z">
          <reporter-output>
          </reporter-output>
        </test-method> <!-- tearDown -->
      </class> <!-- com.example.tests.GroupModificationTests -->
      <class name="com.example.tests.ContactCreationTests">
        <test-method status="PASS" signature="testEmptyContactCreation()[pri:0, instance:com.example.tests.ContactCreationTests@2d6a9952]" name="testEmptyContactCreation" duration-ms="2421" started-at="2015-04-27T21:36:57Z" finished-at="2015-04-27T21:37:00Z">
          <reporter-output>
          </reporter-output>
        </test-method> <!-- testEmptyContactCreation -->
        <test-method status="PASS" signature="testNonEmptyContactCreation()[pri:0, instance:com.example.tests.ContactCreationTests@2d6a9952]" name="testNonEmptyContactCreation" duration-ms="8002" started-at="2015-04-27T21:37:00Z" finished-at="2015-04-27T21:37:08Z">
          <reporter-output>
          </reporter-output>
        </test-method> <!-- testNonEmptyContactCreation -->
      </class> <!-- com.example.tests.ContactCreationTests -->
      <class name="com.example.tests.GroupCreationTests">
        <test-method status="PASS" signature="testEmptyGroupCreation()[pri:0, instance:com.example.tests.GroupCreationTests@22a71081]" name="testEmptyGroupCreation" duration-ms="3335" started-at="2015-04-27T21:36:48Z" finished-at="2015-04-27T21:36:51Z">
          <reporter-output>
          </reporter-output>
        </test-method> <!-- testEmptyGroupCreation -->
        <test-method status="PASS" signature="testNonEmptyGroupCreation()[pri:0, instance:com.example.tests.GroupCreationTests@22a71081]" name="testNonEmptyGroupCreation" duration-ms="3489" started-at="2015-04-27T21:36:51Z" finished-at="2015-04-27T21:36:55Z">
          <reporter-output>
          </reporter-output>
        </test-method> <!-- testNonEmptyGroupCreation -->
      </class> <!-- com.example.tests.GroupCreationTests -->
      <class name="com.example.tests.GroupRemovalTests">
        <test-method status="PASS" signature="deleteSomeGroup()[pri:0, instance:com.example.tests.GroupRemovalTests@47d384ee]" name="deleteSomeGroup" duration-ms="2699" started-at="2015-04-27T21:36:55Z" finished-at="2015-04-27T21:36:57Z">
          <reporter-output>
          </reporter-output>
        </test-method> <!-- deleteSomeGroup -->
      </class> <!-- com.example.tests.GroupRemovalTests -->
    </test> <!-- Default test -->
  </suite> <!-- Default suite -->
</testng-results>
