<?xml version="1.0" encoding="UTF-8"?>
<!-- Generated by org.testng.reporters.JUnitXMLReporter -->
<testsuite hostname="mlebedeva-T420s" name="Default test" tests="6" failures="0" timestamp="27 Apr 2015 18:37:08 GMT" time="29.27" errors="0">
  <testcase name="modifySomeGroup" time="4.221" classname="com.example.tests.GroupModificationTests"/>
  <testcase name="testEmptyGroupCreation" time="3.335" classname="com.example.tests.GroupCreationTests"/>
  <testcase name="testNonEmptyGroupCreation" time="3.489" classname="com.example.tests.GroupCreationTests"/>
  <testcase name="deleteSomeGroup" time="2.699" classname="com.example.tests.GroupRemovalTests"/>
  <testcase name="testEmptyContactCreation" time="2.421" classname="com.example.tests.ContactCreationTests"/>
  <testcase name="testNonEmptyContactCreation" time="8.002" classname="com.example.tests.ContactCreationTests"/>
</testsuite> <!-- Default test -->
