<?xml version="1.0" encoding="UTF-8"?>
<!-- Generated by org.testng.reporters.JUnitXMLReporter -->
<testsuite hostname="mlebedeva-T420s" name="Default test" tests="4" failures="0" timestamp="22 Apr 2015 20:23:07 GMT" time="55.518" errors="0">
  <testcase name="testEmptyGroupCreation" time="8.206" classname="com.example.tests.GroupCreationTests"/>
  <testcase name="testNonEmptyGroupCreation" time="7.657" classname="com.example.tests.GroupCreationTests"/>
  <testcase name="testEmptyContactCreation" time="4.515" classname="com.example.tests.ContactCreationTests"/>
  <testcase name="testNonEmptyContactCreation" time="19.001" classname="com.example.tests.ContactCreationTests"/>
</testsuite> <!-- Default test -->
